#
# There is insufficient memory for the Java Runtime Environment to continue.
# Native memory allocation (malloc) failed to allocate 1048576 bytes for AllocateHeap
# Possible reasons:
#   The system is out of physical RAM or swap space
#   The process is running with CompressedOops enabled, and the Java Heap may be blocking the growth of the native heap
# Possible solutions:
#   Reduce memory load on the system
#   Increase physical memory or swap space
#   Check if swap backing store is full
#   Decrease Java heap size (-Xmx/-Xms)
#   Decrease number of Java threads
#   Decrease Java thread stack sizes (-Xss)
#   Set larger code cache with -XX:ReservedCodeCacheSize=
#   JVM is running with Unscaled Compressed Oops mode in which the Java heap is
#     placed in the first 4GB address space. The Java Heap base address is the
#     maximum limit for the native heap growth. Please use -XX:HeapBaseMinAddress
#     to set the Java Heap base and to place the Java Heap above 4GB virtual address.
# This output file may be truncated or incomplete.
#
#  Out of Memory Error (memory/allocation.inline.hpp:61), pid=6608, tid=0x0000000000000a08
#
# JRE version:  (8.0_251-b08) (build )
# Java VM: Java HotSpot(TM) 64-Bit Server VM (25.251-b08 mixed mode windows-amd64 compressed oops)
# Failed to write core dump. Minidumps are not enabled by default on client versions of Windows
#

---------------  T H R E A D  ---------------

Current thread (0x0000000002f02800):  JavaThread "Unknown thread" [_thread_in_vm, id=2568, stack(0x0000000002c10000,0x0000000002d10000)]

Stack: [0x0000000002c10000,0x0000000002d10000]
[error occurred during error reporting (printing stack bounds), id 0xc0000005]

Native frames: (J=compiled Java code, j=interpreted, Vv=VM code, C=native code)


---------------  P R O C E S S  ---------------

Java Threads: ( => current thread )

Other Threads:

=>0x0000000002f02800 (exited) JavaThread "Unknown thread" [_thread_in_vm, id=2568, stack(0x0000000002c10000,0x0000000002d10000)]

VM state:not at safepoint (normal execution)

VM Mutex/Monitor currently owned by a thread: None

heap address: 0x00000000a3400000, size: 1484 MB, Compressed Oops mode: 32-bit
Narrow klass base: 0x0000000000000000, Narrow klass shift: 3
Compressed class space size: 1073741824 Address: 0x0000000100000000

Heap:
 PSYoungGen      total 28160K, used 491K [0x00000000e1180000, 0x00000000e3080000, 0x0000000100000000)
  eden space 24576K, 2% used [0x00000000e1180000,0x00000000e11fae20,0x00000000e2980000)
  from space 3584K, 0% used [0x00000000e2d00000,0x00000000e2d00000,0x00000000e3080000)
  to   space 3584K, 0% used [0x00000000e2980000,0x00000000e2980000,0x00000000e2d00000)
 ParOldGen       total 64512K, used 0K [0x00000000a3400000, 0x00000000a7300000, 0x00000000e1180000)
  object space 64512K, 0% used [0x00000000a3400000,0x00000000a3400000,0x00000000a7300000)
 Metaspace       used 776K, capacity 4480K, committed 4480K, reserved 1056768K
  class space    used 76K, capacity 384K, committed 384K, reserved 1048576K

Card table byte_map: [0x00000000123c0000,0x00000000126b0000] byte_map_base: 0x0000000011ea6000

Marking Bits: (ParMarkBitMap*) 0x0000000057d4af90
 Begin Bits: [0x0000000012ca0000, 0x00000000143d0000)
 End Bits:   [0x00000000143d0000, 0x0000000015b00000)

Polling page: 0x0000000001340000

CodeCache: size=245760Kb used=327Kb max_used=327Kb free=245432Kb
 bounds [0x0000000003000000, 0x0000000003270000, 0x0000000012000000]
 total_blobs=57 nmethods=0 adapters=38
 compilation: enabled

Compilation events (0 events):
No events

GC Heap History (0 events):
No events

Deoptimization events (0 events):
No events

Classes redefined (0 events):
No events

Internal exceptions (0 events):
No events

Events (10 events):
Event: 0.093 loading class java/lang/Short
Event: 0.093 loading class java/lang/Short done
Event: 0.093 loading class java/lang/Integer
Event: 0.093 loading class java/lang/Integer done
Event: 0.093 loading class java/lang/Long
Event: 0.094 loading class java/lang/Long done
Event: 0.096 loading class java/lang/NullPointerException
Event: 0.097 loading class java/lang/NullPointerException done
Event: 0.097 loading class java/lang/ArithmeticException
Event: 0.097 loading class java/lang/ArithmeticException done


Dynamic libraries:
0x00007ff6fe7a0000 - 0x00007ff6fe7d7000 	C:\Program Files\Java\jdk1.8.0_251\bin\java.exe
0x00007ffcbcfa0000 - 0x00007ffcbd190000 	C:\WINDOWS\SYSTEM32\ntdll.dll
0x00007ffcb66c0000 - 0x00007ffcb66d3000 	C:\Program Files\AVAST Software\Avast\aswhook.dll
0x00007ffcbbcb0000 - 0x00007ffcbbd62000 	C:\WINDOWS\System32\KERNEL32.DLL
0x00007ffcba070000 - 0x00007ffcba313000 	C:\WINDOWS\System32\KERNELBASE.dll
0x00007ffcbb660000 - 0x00007ffcbb703000 	C:\WINDOWS\System32\ADVAPI32.dll
0x00007ffcbcbf0000 - 0x00007ffcbcc8e000 	C:\WINDOWS\System32\msvcrt.dll
0x00007ffcbcec0000 - 0x00007ffcbcf57000 	C:\WINDOWS\System32\sechost.dll
0x00007ffcbbdd0000 - 0x00007ffcbbef0000 	C:\WINDOWS\System32\RPCRT4.dll
0x00007ffcbb8c0000 - 0x00007ffcbba54000 	C:\WINDOWS\System32\USER32.dll
0x00007ffcbad70000 - 0x00007ffcbad91000 	C:\WINDOWS\System32\win32u.dll
0x00007ffcbb060000 - 0x00007ffcbb086000 	C:\WINDOWS\System32\GDI32.dll
0x00007ffcbae40000 - 0x00007ffcbafd4000 	C:\WINDOWS\System32\gdi32full.dll
0x00007ffcbada0000 - 0x00007ffcbae3e000 	C:\WINDOWS\System32\msvcp_win.dll
0x00007ffcba4f0000 - 0x00007ffcba5ea000 	C:\WINDOWS\System32\ucrtbase.dll
0x00007ffcac3f0000 - 0x00007ffcac675000 	C:\WINDOWS\WinSxS\amd64_microsoft.windows.common-controls_6595b64144ccf1df_6.0.18362.778_none_e6c6b761130d4fb8\COMCTL32.dll
0x00007ffcbb2c0000 - 0x00007ffcbb5f6000 	C:\WINDOWS\System32\combase.dll
0x00007ffcba470000 - 0x00007ffcba4f0000 	C:\WINDOWS\System32\bcryptPrimitives.dll
0x00007ffcbc5e0000 - 0x00007ffcbc60e000 	C:\WINDOWS\System32\IMM32.DLL
0x0000000057dd0000 - 0x0000000057ea2000 	C:\Program Files\Java\jdk1.8.0_251\jre\bin\msvcr100.dll
0x0000000057520000 - 0x0000000057dcb000 	C:\Program Files\Java\jdk1.8.0_251\jre\bin\server\jvm.dll
0x00007ffcbc770000 - 0x00007ffcbc778000 	C:\WINDOWS\System32\PSAPI.DLL
0x00007ffcaafa0000 - 0x00007ffcaafa9000 	C:\WINDOWS\SYSTEM32\WSOCK32.dll
0x00007ffcbb710000 - 0x00007ffcbb77f000 	C:\WINDOWS\System32\WS2_32.dll
0x00007ffcb7830000 - 0x00007ffcb7854000 	C:\WINDOWS\SYSTEM32\WINMM.dll
0x00007ffcb1120000 - 0x00007ffcb112a000 	C:\WINDOWS\SYSTEM32\VERSION.dll
0x00007ffcb6b80000 - 0x00007ffcb6bad000 	C:\WINDOWS\SYSTEM32\WINMMBASE.dll
0x00007ffcbafe0000 - 0x00007ffcbb02a000 	C:\WINDOWS\System32\cfgmgr32.dll
0x00007ffcb29c0000 - 0x00007ffcb29cf000 	C:\Program Files\Java\jdk1.8.0_251\jre\bin\verify.dll
0x00007ffcb2990000 - 0x00007ffcb29b9000 	C:\Program Files\Java\jdk1.8.0_251\jre\bin\java.dll
0x00007ffcb0010000 - 0x00007ffcb0033000 	C:\Program Files\Java\jdk1.8.0_251\jre\bin\instrument.dll
0x00007ffcb2970000 - 0x00007ffcb2986000 	C:\Program Files\Java\jdk1.8.0_251\jre\bin\zip.dll

VM Arguments:
jvm_args: -javaagent:C:\Program Files\JetBrains\IntelliJ IDEA 2019.3.4\lib\idea_rt.jar=52343:C:\Program Files\JetBrains\IntelliJ IDEA 2019.3.4\bin -Dfile.encoding=UTF-8 
java_command: sample.Main
java_class_path (initial): C:\Program Files\Java\jdk1.8.0_251\jre\lib\charsets.jar;C:\Program Files\Java\jdk1.8.0_251\jre\lib\deploy.jar;C:\Program Files\Java\jdk1.8.0_251\jre\lib\ext\access-bridge-64.jar;C:\Program Files\Java\jdk1.8.0_251\jre\lib\ext\cldrdata.jar;C:\Program Files\Java\jdk1.8.0_251\jre\lib\ext\dnsns.jar;C:\Program Files\Java\jdk1.8.0_251\jre\lib\ext\jaccess.jar;C:\Program Files\Java\jdk1.8.0_251\jre\lib\ext\jfxrt.jar;C:\Program Files\Java\jdk1.8.0_251\jre\lib\ext\localedata.jar;C:\Program Files\Java\jdk1.8.0_251\jre\lib\ext\nashorn.jar;C:\Program Files\Java\jdk1.8.0_251\jre\lib\ext\sunec.jar;C:\Program Files\Java\jdk1.8.0_251\jre\lib\ext\sunjce_provider.jar;C:\Program Files\Java\jdk1.8.0_251\jre\lib\ext\sunmscapi.jar;C:\Program Files\Java\jdk1.8.0_251\jre\lib\ext\sunpkcs11.jar;C:\Program Files\Java\jdk1.8.0_251\jre\lib\ext\zipfs.jar;C:\Program Files\Java\jdk1.8.0_251\jre\lib\javaws.jar;C:\Program Files\Java\jdk1.8.0_251\jre\lib\jce.jar;C:\Program Files\Java\jdk1.8.0_251\jre\lib\jfr.jar;C:\Program Files\Java\jdk1.8.0_251\jre\lib\jfxswt.jar;C:\Program Files\Java\jdk1.8.0_251\jre\lib\jsse.jar;C:\Program Files\Java\jdk1.8.0_251\jre\lib\management-agent.jar;C:\Program Files\Java\jdk1.8.0_251\jre\lib\plugin.jar;C:\Program Files\Java\jdk1.8.0_251\jre\lib\resources.jar;C:\Program Files\Java\jdk1.8.0_251\jre\lib\rt.jar;C:\Users\ONE\Documents\Dental\out\production\Dental;C:\Users\ONE\.IntelliJIdea2019.3\config\jdbc-drivers\MySQL Connector\J\5.1.47\mysql-connector-java-5.1.47.jar;C:\Program Files\JetBrains\IntelliJ IDEA 2019.3.4\lib\idea_rt.jar
Launcher Type: SUN_STANDARD

Environment Variables:
PATH=C:\Program Files (x86)\Common Files\Oracle\Java\javapath;C:\WINDOWS\system32;C:\WINDOWS;C:\WINDOWS\System32\Wbem;C:\WINDOWS\System32\WindowsPowerShell\v1.0\;C:\WINDOWS\System32\OpenSSH\;C:\Program Files\MySQL\MySQL Server 8.0\bin;C:\Program Files\MySQL\MySQL Shell 8.0\bin\;C:\Users\ONE\AppData\Local\Microsoft\WindowsApps;;C:\Program Files\JetBrains\IntelliJ IDEA 2019.3.2\bin;
USERNAME=ONE
OS=Windows_NT
PROCESSOR_IDENTIFIER=Intel64 Family 6 Model 37 Stepping 5, GenuineIntel



---------------  S Y S T E M  ---------------

OS: Windows 10.0 , 64 bit Build 18362 (10.0.18362.778)

CPU:total 4 (initial active 4) (2 cores per cpu, 2 threads per core) family 6 model 37 stepping 5, cmov, cx8, fxsr, mmx, sse, sse2, sse3, ssse3, sse4.1, sse4.2, popcnt, aes, clmul, ht, tsc, tscinvbit

Memory: 4k page, physical 6077824k(1701336k free), swap 7060864k(5880k free)

vm_info: Java HotSpot(TM) 64-Bit Server VM (25.251-b08) for windows-amd64 JRE (1.8.0_251-b08), built on Mar 12 2020 06:31:49 by "" with MS VC++ 10.0 (VS2010)

time: Fri May 01 16:55:54 2020
timezone: Центральная Азия (зима)
elapsed time: 0 seconds (0d 0h 0m 0s)

