#
# There is insufficient memory for the Java Runtime Environment to continue.
# Native memory allocation (malloc) failed to allocate 1048576 bytes for AllocateHeap
# Possible reasons:
#   The system is out of physical RAM or swap space
#   The process is running with CompressedOops enabled, and the Java Heap may be blocking the growth of the native heap
# Possible solutions:
#   Reduce memory load on the system
#   Increase physical memory or swap space
#   Check if swap backing store is full
#   Decrease Java heap size (-Xmx/-Xms)
#   Decrease number of Java threads
#   Decrease Java thread stack sizes (-Xss)
#   Set larger code cache with -XX:ReservedCodeCacheSize=
#   JVM is running with Unscaled Compressed Oops mode in which the Java heap is
#     placed in the first 4GB address space. The Java Heap base address is the
#     maximum limit for the native heap growth. Please use -XX:HeapBaseMinAddress
#     to set the Java Heap base and to place the Java Heap above 4GB virtual address.
# This output file may be truncated or incomplete.
#
#  Out of Memory Error (memory/allocation.inline.hpp:61), pid=1268, tid=0x0000000000001b84
#
# JRE version:  (8.0_251-b08) (build )
# Java VM: Java HotSpot(TM) 64-Bit Server VM (25.251-b08 mixed mode windows-amd64 compressed oops)
# Failed to write core dump. Minidumps are not enabled by default on client versions of Windows
#

---------------  T H R E A D  ---------------

Current thread (0x00000000025f2800):  JavaThread "Unknown thread" [_thread_in_vm, id=7044, stack(0x0000000002350000,0x0000000002450000)]

Stack: [0x0000000002350000,0x0000000002450000]
[error occurred during error reporting (printing stack bounds), id 0xc0000005]

Native frames: (J=compiled Java code, j=interpreted, Vv=VM code, C=native code)


---------------  P R O C E S S  ---------------

Java Threads: ( => current thread )

Other Threads:

=>0x00000000025f2800 (exited) JavaThread "Unknown thread" [_thread_in_vm, id=7044, stack(0x0000000002350000,0x0000000002450000)]

VM state:not at safepoint (normal execution)

VM Mutex/Monitor currently owned by a thread: None

heap address: 0x00000000a3400000, size: 1484 MB, Compressed Oops mode: 32-bit
Narrow klass base: 0x0000000000000000, Narrow klass shift: 3
Compressed class space size: 1073741824 Address: 0x0000000100000000

Heap:
 PSYoungGen      total 28160K, used 491K [0x00000000e1180000, 0x00000000e3080000, 0x0000000100000000)
  eden space 24576K, 2% used [0x00000000e1180000,0x00000000e11fae20,0x00000000e2980000)
  from space 3584K, 0% used [0x00000000e2d00000,0x00000000e2d00000,0x00000000e3080000)
  to   space 3584K, 0% used [0x00000000e2980000,0x00000000e2980000,0x00000000e2d00000)
 ParOldGen       total 64512K, used 0K [0x00000000a3400000, 0x00000000a7300000, 0x00000000e1180000)
  object space 64512K, 0% used [0x00000000a3400000,0x00000000a3400000,0x00000000a7300000)
 Metaspace       used 776K, capacity 4480K, committed 4480K, reserved 1056768K
  class space    used 76K, capacity 384K, committed 384K, reserved 1048576K

Card table byte_map: [0x0000000011ab0000,0x0000000011da0000] byte_map_base: 0x0000000011596000

Marking Bits: (ParMarkBitMap*) 0x000000005a28af90
 Begin Bits: [0x0000000012390000, 0x0000000013ac0000)
 End Bits:   [0x0000000013ac0000, 0x00000000151f0000)

Polling page: 0x0000000000a00000

CodeCache: size=245760Kb used=327Kb max_used=327Kb free=245432Kb
 bounds [0x00000000026f0000, 0x0000000002960000, 0x00000000116f0000]
 total_blobs=57 nmethods=0 adapters=38
 compilation: enabled

Compilation events (0 events):
No events

GC Heap History (0 events):
No events

Deoptimization events (0 events):
No events

Classes redefined (0 events):
No events

Internal exceptions (0 events):
No events

Events (10 events):
Event: 0.106 loading class java/lang/Short
Event: 0.107 loading class java/lang/Short done
Event: 0.107 loading class java/lang/Integer
Event: 0.107 loading class java/lang/Integer done
Event: 0.107 loading class java/lang/Long
Event: 0.107 loading class java/lang/Long done
Event: 0.109 loading class java/lang/NullPointerException
Event: 0.109 loading class java/lang/NullPointerException done
Event: 0.109 loading class java/lang/ArithmeticException
Event: 0.109 loading class java/lang/ArithmeticException done


Dynamic libraries:
0x00007ff75b220000 - 0x00007ff75b257000 	C:\Program Files\Java\jdk1.8.0_251\bin\java.exe
0x00007ff95e6e0000 - 0x00007ff95e8d0000 	C:\WINDOWS\SYSTEM32\ntdll.dll
0x00007ff9571e0000 - 0x00007ff9571f3000 	C:\Program Files\AVAST Software\Avast\aswhook.dll
0x00007ff95c860000 - 0x00007ff95c912000 	C:\WINDOWS\System32\KERNEL32.DLL
0x00007ff95b670000 - 0x00007ff95b913000 	C:\WINDOWS\System32\KERNELBASE.dll
0x00007ff95e240000 - 0x00007ff95e2e3000 	C:\WINDOWS\System32\ADVAPI32.dll
0x00007ff95e2f0000 - 0x00007ff95e38e000 	C:\WINDOWS\System32\msvcrt.dll
0x00007ff95d010000 - 0x00007ff95d0a7000 	C:\WINDOWS\System32\sechost.dll
0x00007ff95d6f0000 - 0x00007ff95d810000 	C:\WINDOWS\System32\RPCRT4.dll
0x00007ff95dec0000 - 0x00007ff95e054000 	C:\WINDOWS\System32\USER32.dll
0x00007ff95be70000 - 0x00007ff95be91000 	C:\WINDOWS\System32\win32u.dll
0x00007ff95e610000 - 0x00007ff95e636000 	C:\WINDOWS\System32\GDI32.dll
0x00007ff95bcd0000 - 0x00007ff95be64000 	C:\WINDOWS\System32\gdi32full.dll
0x00007ff95bc30000 - 0x00007ff95bcce000 	C:\WINDOWS\System32\msvcp_win.dll
0x00007ff95ba00000 - 0x00007ff95bafa000 	C:\WINDOWS\System32\ucrtbase.dll
0x00007ff94e670000 - 0x00007ff94e8f5000 	C:\WINDOWS\WinSxS\amd64_microsoft.windows.common-controls_6595b64144ccf1df_6.0.18362.778_none_e6c6b761130d4fb8\COMCTL32.dll
0x00007ff95d9f0000 - 0x00007ff95dd26000 	C:\WINDOWS\System32\combase.dll
0x00007ff95bb00000 - 0x00007ff95bb80000 	C:\WINDOWS\System32\bcryptPrimitives.dll
0x00007ff95d0b0000 - 0x00007ff95d0de000 	C:\WINDOWS\System32\IMM32.DLL
0x000000005a310000 - 0x000000005a3e2000 	C:\Program Files\Java\jdk1.8.0_251\jre\bin\msvcr100.dll
0x0000000059a60000 - 0x000000005a30b000 	C:\Program Files\Java\jdk1.8.0_251\jre\bin\server\jvm.dll
0x00007ff95dd30000 - 0x00007ff95dd38000 	C:\WINDOWS\System32\PSAPI.DLL
0x00007ff94d9c0000 - 0x00007ff94d9c9000 	C:\WINDOWS\SYSTEM32\WSOCK32.dll
0x00007ff95e0f0000 - 0x00007ff95e15f000 	C:\WINDOWS\System32\WS2_32.dll
0x00007ff9595f0000 - 0x00007ff959614000 	C:\WINDOWS\SYSTEM32\WINMM.dll
0x00007ff955db0000 - 0x00007ff955dba000 	C:\WINDOWS\SYSTEM32\VERSION.dll
0x00007ff9595c0000 - 0x00007ff9595ed000 	C:\WINDOWS\SYSTEM32\WINMMBASE.dll
0x00007ff95b920000 - 0x00007ff95b96a000 	C:\WINDOWS\System32\cfgmgr32.dll
0x00007ff957ec0000 - 0x00007ff957ecf000 	C:\Program Files\Java\jdk1.8.0_251\jre\bin\verify.dll
0x00007ff957e30000 - 0x00007ff957e59000 	C:\Program Files\Java\jdk1.8.0_251\jre\bin\java.dll
0x00007ff94ea10000 - 0x00007ff94ea33000 	C:\Program Files\Java\jdk1.8.0_251\jre\bin\instrument.dll
0x00007ff954fd0000 - 0x00007ff954fe6000 	C:\Program Files\Java\jdk1.8.0_251\jre\bin\zip.dll

VM Arguments:
jvm_args: -javaagent:C:\Program Files\JetBrains\IntelliJ IDEA 2019.3.4\lib\idea_rt.jar=51447:C:\Program Files\JetBrains\IntelliJ IDEA 2019.3.4\bin -Dfile.encoding=UTF-8 
java_command: sample.Main
java_class_path (initial): C:\Program Files\Java\jdk1.8.0_251\jre\lib\charsets.jar;C:\Program Files\Java\jdk1.8.0_251\jre\lib\deploy.jar;C:\Program Files\Java\jdk1.8.0_251\jre\lib\ext\access-bridge-64.jar;C:\Program Files\Java\jdk1.8.0_251\jre\lib\ext\cldrdata.jar;C:\Program Files\Java\jdk1.8.0_251\jre\lib\ext\dnsns.jar;C:\Program Files\Java\jdk1.8.0_251\jre\lib\ext\jaccess.jar;C:\Program Files\Java\jdk1.8.0_251\jre\lib\ext\jfxrt.jar;C:\Program Files\Java\jdk1.8.0_251\jre\lib\ext\localedata.jar;C:\Program Files\Java\jdk1.8.0_251\jre\lib\ext\nashorn.jar;C:\Program Files\Java\jdk1.8.0_251\jre\lib\ext\sunec.jar;C:\Program Files\Java\jdk1.8.0_251\jre\lib\ext\sunjce_provider.jar;C:\Program Files\Java\jdk1.8.0_251\jre\lib\ext\sunmscapi.jar;C:\Program Files\Java\jdk1.8.0_251\jre\lib\ext\sunpkcs11.jar;C:\Program Files\Java\jdk1.8.0_251\jre\lib\ext\zipfs.jar;C:\Program Files\Java\jdk1.8.0_251\jre\lib\javaws.jar;C:\Program Files\Java\jdk1.8.0_251\jre\lib\jce.jar;C:\Program Files\Java\jdk1.8.0_251\jre\lib\jfr.jar;C:\Program Files\Java\jdk1.8.0_251\jre\lib\jfxswt.jar;C:\Program Files\Java\jdk1.8.0_251\jre\lib\jsse.jar;C:\Program Files\Java\jdk1.8.0_251\jre\lib\management-agent.jar;C:\Program Files\Java\jdk1.8.0_251\jre\lib\plugin.jar;C:\Program Files\Java\jdk1.8.0_251\jre\lib\resources.jar;C:\Program Files\Java\jdk1.8.0_251\jre\lib\rt.jar;C:\Users\ONE\Documents\Dental\out\production\Dental;C:\Users\ONE\.IntelliJIdea2019.3\config\jdbc-drivers\MySQL Connector\J\5.1.47\mysql-connector-java-5.1.47.jar;C:\Program Files\JetBrains\IntelliJ IDEA 2019.3.4\lib\idea_rt.jar
Launcher Type: SUN_STANDARD

Environment Variables:
PATH=C:\Program Files (x86)\Common Files\Oracle\Java\javapath;C:\WINDOWS\system32;C:\WINDOWS;C:\WINDOWS\System32\Wbem;C:\WINDOWS\System32\WindowsPowerShell\v1.0\;C:\WINDOWS\System32\OpenSSH\;C:\Program Files\MySQL\MySQL Server 8.0\bin;C:\Program Files\MySQL\MySQL Shell 8.0\bin\;C:\Users\ONE\AppData\Local\Microsoft\WindowsApps;;C:\Program Files\JetBrains\IntelliJ IDEA 2019.3.2\bin;
USERNAME=ONE
OS=Windows_NT
PROCESSOR_IDENTIFIER=Intel64 Family 6 Model 37 Stepping 5, GenuineIntel



---------------  S Y S T E M  ---------------

OS: Windows 10.0 , 64 bit Build 18362 (10.0.18362.778)

CPU:total 4 (initial active 4) (2 cores per cpu, 2 threads per core) family 6 model 37 stepping 5, cmov, cx8, fxsr, mmx, sse, sse2, sse3, ssse3, sse4.1, sse4.2, popcnt, aes, clmul, ht, tsc, tscinvbit

Memory: 4k page, physical 6077824k(1577684k free), swap 7060864k(5360k free)

vm_info: Java HotSpot(TM) 64-Bit Server VM (25.251-b08) for windows-amd64 JRE (1.8.0_251-b08), built on Mar 12 2020 06:31:49 by "" with MS VC++ 10.0 (VS2010)

time: Sun May 03 17:36:47 2020
timezone: Центральная Азия (зима)
elapsed time: 0 seconds (0d 0h 0m 0s)

